
**** Build of configuration Debug for project On_Off_LED ****

"C:\\ti\\ccsv5\\utils\\bin\\gmake" -k all 
'Building file: ../DSP2833x_ADC_cal.asm'
'Invoking: C2000 Compiler'
"C:/ti/ccsv5/tools/compiler/c2000_6.1.0/bin/cl2000" -v28 -ml -mt --float_support=fpu32 -g --include_path="C:/ti/00IC ZQ28335/DSP2833x_common/include" --include_path="C:/ti/00IC ZQ28335/DSP2833x_headers/include" --diag_warning=225 --display_error_number --preproc_with_compile --preproc_dependency="DSP2833x_ADC_cal.pp"  "../DSP2833x_ADC_cal.asm"
'Finished building: ../DSP2833x_ADC_cal.asm'
' '
'Building file: ../DSP2833x_CodeStartBranch.asm'
'Invoking: C2000 Compiler'
"C:/ti/ccsv5/tools/compiler/c2000_6.1.0/bin/cl2000" -v28 -ml -mt --float_support=fpu32 -g --include_path="C:/ti/00IC ZQ28335/DSP2833x_common/include" --include_path="C:/ti/00IC ZQ28335/DSP2833x_headers/include" --diag_warning=225 --display_error_number --preproc_with_compile --preproc_dependency="DSP2833x_CodeStartBranch.pp"  "../DSP2833x_CodeStartBranch.asm"
'Finished building: ../DSP2833x_CodeStartBranch.asm'
' '
'Building file: ../DSP2833x_DefaultIsr.c'
'Invoking: C2000 Compiler'
"C:/ti/ccsv5/tools/compiler/c2000_6.1.0/bin/cl2000" -v28 -ml -mt --float_support=fpu32 -g --include_path="C:/ti/00IC ZQ28335/DSP2833x_common/include" --include_path="C:/ti/00IC ZQ28335/DSP2833x_headers/include" --diag_warning=225 --display_error_number --preproc_with_compile --preproc_dependency="DSP2833x_DefaultIsr.pp"  "../DSP2833x_DefaultIsr.c"
'Finished building: ../DSP2833x_DefaultIsr.c'
' '
'Building file: ../DSP2833x_DisInt.asm'
'Invoking: C2000 Compiler'
"C:/ti/ccsv5/tools/compiler/c2000_6.1.0/bin/cl2000" -v28 -ml -mt --float_support=fpu32 -g --include_path="C:/ti/00IC ZQ28335/DSP2833x_common/include" --include_path="C:/ti/00IC ZQ28335/DSP2833x_headers/include" --diag_warning=225 --display_error_number --preproc_with_compile --preproc_dependency="DSP2833x_DisInt.pp"  "../DSP2833x_DisInt.asm"
'Finished building: ../DSP2833x_DisInt.asm'
' '
'Building file: ../DSP2833x_GlobalVariableDefs.c'
'Invoking: C2000 Compiler'
"C:/ti/ccsv5/tools/compiler/c2000_6.1.0/bin/cl2000" -v28 -ml -mt --float_support=fpu32 -g --include_path="C:/ti/00IC ZQ28335/DSP2833x_common/include" --include_path="C:/ti/00IC ZQ28335/DSP2833x_headers/include" --diag_warning=225 --display_error_number --preproc_with_compile --preproc_dependency="DSP2833x_GlobalVariableDefs.pp"  "../DSP2833x_GlobalVariableDefs.c"
'Finished building: ../DSP2833x_GlobalVariableDefs.c'
' '
'Building file: ../DSP2833x_PieCtrl.c'
'Invoking: C2000 Compiler'
"C:/ti/ccsv5/tools/compiler/c2000_6.1.0/bin/cl2000" -v28 -ml -mt --float_support=fpu32 -g --include_path="C:/ti/00IC ZQ28335/DSP2833x_common/include" --include_path="C:/ti/00IC ZQ28335/DSP2833x_headers/include" --diag_warning=225 --display_error_number --preproc_with_compile --preproc_dependency="DSP2833x_PieCtrl.pp"  "../DSP2833x_PieCtrl.c"
'Finished building: ../DSP2833x_PieCtrl.c'
' '
'Building file: ../DSP2833x_PieVect.c'
'Invoking: C2000 Compiler'
"C:/ti/ccsv5/tools/compiler/c2000_6.1.0/bin/cl2000" -v28 -ml -mt --float_support=fpu32 -g --include_path="C:/ti/00IC ZQ28335/DSP2833x_common/include" --include_path="C:/ti/00IC ZQ28335/DSP2833x_headers/include" --diag_warning=225 --display_error_number --preproc_with_compile --preproc_dependency="DSP2833x_PieVect.pp"  "../DSP2833x_PieVect.c"
'Finished building: ../DSP2833x_PieVect.c'
' '
'Building file: ../DSP2833x_SysCtrl.c'
'Invoking: C2000 Compiler'
"C:/ti/ccsv5/tools/compiler/c2000_6.1.0/bin/cl2000" -v28 -ml -mt --float_support=fpu32 -g --include_path="C:/ti/00IC ZQ28335/DSP2833x_common/include" --include_path="C:/ti/00IC ZQ28335/DSP2833x_headers/include" --diag_warning=225 --display_error_number --preproc_with_compile --preproc_dependency="DSP2833x_SysCtrl.pp"  "../DSP2833x_SysCtrl.c"
'Finished building: ../DSP2833x_SysCtrl.c'
' '
'Building file: ../DSP2833x_usDelay.asm'
'Invoking: C2000 Compiler'
"C:/ti/ccsv5/tools/compiler/c2000_6.1.0/bin/cl2000" -v28 -ml -mt --float_support=fpu32 -g --include_path="C:/ti/00IC ZQ28335/DSP2833x_common/include" --include_path="C:/ti/00IC ZQ28335/DSP2833x_headers/include" --diag_warning=225 --display_error_number --preproc_with_compile --preproc_dependency="DSP2833x_usDelay.pp"  "../DSP2833x_usDelay.asm"
'Finished building: ../DSP2833x_usDelay.asm'
' '
'Building file: ../On_Off_LED.c'
'Invoking: C2000 Compiler'
"C:/ti/ccsv5/tools/compiler/c2000_6.1.0/bin/cl2000" -v28 -ml -mt --float_support=fpu32 -g --include_path="C:/ti/00IC ZQ28335/DSP2833x_common/include" --include_path="C:/ti/00IC ZQ28335/DSP2833x_headers/include" --diag_warning=225 --display_error_number --preproc_with_compile --preproc_dependency="On_Off_LED.pp"  "../On_Off_LED.c"
'Finished building: ../On_Off_LED.c'
' '
'Building target: On_Off_LED.out'
'Invoking: C2000 Linker'
"C:/ti/ccsv5/tools/compiler/c2000_6.1.0/bin/cl2000" -v28 -ml -mt --float_support=fpu32 -g --diag_warning=225 --display_error_number -z --stack_size=0x300 -m"On_Off_LED.map" --warn_sections -i"C:/ti/ccsv5/tools/compiler/c2000_6.1.0/lib" -i"C:/ti/ccsv5/tools/compiler/c2000_6.1.0/include" --reread_libs --display_error_number --rom_model -o "On_Off_LED.out"  "./On_Off_LED.obj" "./DSP2833x_usDelay.obj" "./DSP2833x_SysCtrl.obj" "./DSP2833x_PieVect.obj" "./DSP2833x_PieCtrl.obj" "./DSP2833x_GlobalVariableDefs.obj" "./DSP2833x_DisInt.obj" "./DSP2833x_DefaultIsr.obj" "./DSP2833x_CodeStartBranch.obj" "./DSP2833x_ADC_cal.obj" -l"rts2800_fpu32.lib" "../28335_RAM_lnk.cmd" "../DSP2833x_Headers_nonBIOS.cmd" 
<Linking>
'Finished building target: On_Off_LED.out'
' '

**** Build Finished ****
